<?xml version="1.0" encoding="UTF-8"?>
<!-- Generated by org.testng.reporters.JUnitReportReporter -->
<testsuite hostname="DESKTOP-HT38EU9" name="com.goibib0.SearchBuses.SearchFlight" tests="1" failures="0" timestamp="17 May 2020 08:54:23 GMT" time="15.167" errors="0">
  <testcase name="searchFlight" time="15.167" classname="com.goibib0.SearchBuses.SearchFlight"/>
</testsuite> <!-- com.goibib0.SearchBuses.SearchFlight -->
