<?xml version="1.0" encoding="UTF-8"?>
<!-- Generated by org.testng.reporters.JUnitReportReporter -->
<testsuite hostname="DESKTOP-HT38EU9" name="com.goibib0.SearchFlight.SearchFlight" tests="1" failures="0" timestamp="19 May 2020 11:27:34 GMT" time="32.591" errors="0">
  <testcase name="searchFlight" time="32.591" classname="com.goibib0.SearchFlight.SearchFlight"/>
</testsuite> <!-- com.goibib0.SearchFlight.SearchFlight -->
