<?xml version="1.0" encoding="UTF-8"?>
<!-- Generated by org.testng.reporters.JUnitReportReporter -->
<testsuite hostname="DESKTOP-HT38EU9" name="com.testingshastra.searchcomponent.SearchComponentTests" tests="1" failures="0" timestamp="14 May 2020 20:45:52 GMT" time="20.130" errors="0">
  <testcase name="verifyPriceRange" time="20.130" classname="com.testingshastra.searchcomponent.SearchComponentTests"/>
</testsuite> <!-- com.testingshastra.searchcomponent.SearchComponentTests -->
