<?xml version="1.0" encoding="UTF-8"?>
<!-- Generated by org.testng.reporters.JUnitReportReporter -->
<testsuite hostname="DESKTOP-HT38EU9" name="com.ajio.testcases.Testcases" tests="1" failures="0" timestamp="21 May 2020 14:01:57 GMT" time="0.074" errors="0">
  <testcase name="ajio_001" time="0.074" classname="com.ajio.testcases.Testcases"/>
</testsuite> <!-- com.ajio.testcases.Testcases -->
